2025-02-21 12:13:55 [INFO] - Connexion à Supabase établie avec succès
2025-02-21 12:13:55 [INFO] - Démarrage de l'application GeoGestion
2025-02-21 12:13:57 [INFO] - Connexion à Supabase établie avec succès
2025-02-21 12:13:57 [INFO] - Démarrage de l'application GeoGestion
2025-02-21 12:14:12 [INFO] - Affichage de la page de connexion
2025-02-21 12:14:12 [INFO] - Tentative de récupération de la liste des opérateurs
2025-02-21 12:14:12 [INFO] - Tentative de récupération de tous les opérateurs
2025-02-21 12:14:12 [ERROR] - Erreur lors de la récupération des opérateurs: {'message': 'Invalid API key', 'hint': 'Double check your Supabase `anon` or `service_role` API key.'}
2025-02-21 12:14:12 [INFO] - Récupération réussie de 0 opérateurs
2025-02-21 12:19:00 [INFO] - Démarrage de l'application GeoGestion
2025-02-21 12:19:00 [INFO] - Démarrage de l'application GeoGestion
2025-02-21 12:19:10 [INFO] - Affichage de la page de connexion
2025-02-21 12:19:10 [INFO] - Tentative de récupération de la liste des opérateurs
2025-02-21 12:19:10 [INFO] - Tentative de récupération de tous les opérateurs
2025-02-21 12:19:11 [ERROR] - Erreur de connexion à la base de données: connection to server at "aws-0-eu-central-1.pooler.supabase.com" (18.198.30.239), port 6543 failed: error received from server in SCRAM exchange: Wrong password

2025-02-21 12:19:11 [ERROR] - Erreur lors de la récupération des opérateurs: 'NoneType' object has no attribute 'rollback'
2025-02-21 12:19:11 [INFO] - Récupération réussie de 0 opérateurs
2025-02-21 12:26:29 [INFO] - Connexion à Supabase établie avec succès
2025-02-21 12:26:29 [INFO] - Démarrage de l'application GeoGestion
2025-02-21 12:26:31 [INFO] - Connexion à Supabase établie avec succès
2025-02-21 12:26:31 [INFO] - Démarrage de l'application GeoGestion
2025-02-21 12:26:39 [INFO] - Affichage de la page de connexion
2025-02-21 12:26:39 [INFO] - Tentative de récupération de la liste des opérateurs
2025-02-21 12:26:39 [INFO] - Tentative de récupération de tous les opérateurs
2025-02-21 12:26:40 [INFO] - Récupération réussie de 0 opérateurs
2025-02-21 12:26:40 [INFO] - Récupération réussie de 0 opérateurs
2025-02-21 12:28:32 [INFO] - Démarrage de l'application GeoGestion
2025-02-21 12:28:33 [INFO] - Démarrage de l'application GeoGestion
2025-02-21 12:29:02 [INFO] - Affichage de la page de connexion
2025-02-21 12:29:03 [INFO] - Tentative de récupération de la liste des opérateurs
2025-02-21 12:29:03 [INFO] - Tentative de récupération de tous les opérateurs
2025-02-21 12:29:03 [ERROR] - Erreur de connexion à la base de données: 'utf-8' codec can't decode byte 0xf4 in position 81: invalid continuation byte
2025-02-21 12:29:03 [ERROR] - Erreur lors de l'exécution de la requête: 'utf-8' codec can't decode byte 0xf4 in position 81: invalid continuation byte
2025-02-21 12:29:03 [ERROR] - Erreur lors de la récupération des opérateurs: 'utf-8' codec can't decode byte 0xf4 in position 81: invalid continuation byte
2025-02-21 12:29:03 [INFO] - Récupération réussie de 0 opérateurs
2025-02-21 12:30:00 [INFO] - Paramètres de connexion initialisés avec succès
2025-02-21 12:30:00 [INFO] - Démarrage de l'application GeoGestion
2025-02-21 12:30:00 [INFO] - Paramètres de connexion initialisés avec succès
2025-02-21 12:30:00 [INFO] - Démarrage de l'application GeoGestion
2025-02-21 12:30:07 [INFO] - Affichage de la page de connexion
2025-02-21 12:30:08 [INFO] - Tentative de récupération de la liste des opérateurs
2025-02-21 12:30:08 [INFO] - Tentative de récupération de tous les opérateurs
2025-02-21 12:30:08 [ERROR] - Erreur de connexion à la base de données: 'utf-8' codec can't decode byte 0xf4 in position 81: invalid continuation byte
2025-02-21 12:30:08 [ERROR] - Erreur lors de l'exécution de la requête: 'utf-8' codec can't decode byte 0xf4 in position 81: invalid continuation byte
2025-02-21 12:30:08 [ERROR] - Erreur lors de la récupération des opérateurs: 'utf-8' codec can't decode byte 0xf4 in position 81: invalid continuation byte
2025-02-21 12:30:08 [INFO] - Récupération réussie de 0 opérateurs
2025-02-21 12:32:11 [ERROR] - Erreur de connexion à la base de données: 'utf-8' codec can't decode byte 0xf4 in position 81: invalid continuation byte
2025-02-21 12:32:11 [ERROR] - Erreur lors de l'exécution de la requête: 'utf-8' codec can't decode byte 0xf4 in position 81: invalid continuation byte
2025-02-21 12:32:11 [ERROR] - Erreur lors de la création des tables: 'utf-8' codec can't decode byte 0xf4 in position 81: invalid continuation byte
2025-02-21 12:36:00 [INFO] - Démarrage de l'application GeoGestion
2025-02-21 12:36:01 [INFO] - Démarrage de l'application GeoGestion
2025-02-21 12:36:14 [INFO] - Démarrage de l'application GeoGestion
2025-02-21 12:36:22 [INFO] - Affichage de la page de connexion
2025-02-21 12:36:22 [INFO] - Tentative de récupération de la liste des opérateurs
2025-02-21 12:36:22 [INFO] - Tentative de récupération de tous les opérateurs
2025-02-21 12:36:23 [ERROR] - Erreur de connexion à la base de données: 'utf-8' codec can't decode byte 0xf4 in position 81: invalid continuation byte
2025-02-21 12:36:23 [ERROR] - Erreur lors de l'exécution de la requête: 'utf-8' codec can't decode byte 0xf4 in position 81: invalid continuation byte
2025-02-21 12:36:23 [ERROR] - Erreur lors de la récupération des opérateurs: 'utf-8' codec can't decode byte 0xf4 in position 81: invalid continuation byte
2025-02-21 12:36:23 [INFO] - Récupération réussie de 0 opérateurs
2025-02-21 12:37:20 [INFO] - URL de base de données configurée avec succès
2025-02-21 12:37:20 [INFO] - Démarrage de l'application GeoGestion
2025-02-21 12:37:34 [INFO] - Démarrage de l'application GeoGestion
2025-02-21 12:38:19 [INFO] - Démarrage de l'application GeoGestion
2025-02-21 12:38:19 [INFO] - Démarrage de l'application GeoGestion
2025-02-21 12:38:30 [INFO] - Affichage de la page de connexion
2025-02-21 12:38:30 [INFO] - Tentative de récupération de la liste des opérateurs
2025-02-21 12:38:30 [INFO] - Tentative de récupération de tous les opérateurs
2025-02-21 12:38:30 [ERROR] - Erreur de connexion à la base de données: 'utf-8' codec can't decode byte 0xf4 in position 81: invalid continuation byte
2025-02-21 12:38:30 [ERROR] - Erreur lors de l'exécution de la requête: 'utf-8' codec can't decode byte 0xf4 in position 81: invalid continuation byte
2025-02-21 12:38:30 [ERROR] - Erreur lors de la récupération des opérateurs: 'utf-8' codec can't decode byte 0xf4 in position 81: invalid continuation byte
2025-02-21 12:38:30 [INFO] - Récupération réussie de 0 opérateurs
2025-02-21 12:39:11 [ERROR] - Erreur de connexion à la base de données: 'utf-8' codec can't decode byte 0xf4 in position 81: invalid continuation byte
2025-02-21 12:39:11 [ERROR] - Erreur lors de la connexion à la base de données: 'utf-8' codec can't decode byte 0xf4 in position 81: invalid continuation byte
2025-02-21 12:39:11 [INFO] - Démarrage de l'application GeoGestion
2025-02-21 12:39:22 [ERROR] - Erreur de connexion à la base de données: connection to server at "localhost" (::1), port 5432 failed: Connection refused (0x0000274D/10061)
	Is the server running on that host and accepting TCP/IP connections?
connection to server at "localhost" (127.0.0.1), port 5432 failed: Connection refused (0x0000274D/10061)
	Is the server running on that host and accepting TCP/IP connections?

2025-02-21 12:39:22 [ERROR] - Erreur lors de la connexion à la base de données: connection to server at "localhost" (::1), port 5432 failed: Connection refused (0x0000274D/10061)
	Is the server running on that host and accepting TCP/IP connections?
connection to server at "localhost" (127.0.0.1), port 5432 failed: Connection refused (0x0000274D/10061)
	Is the server running on that host and accepting TCP/IP connections?

2025-02-21 12:39:22 [INFO] - Démarrage de l'application GeoGestion
2025-02-21 12:39:26 [ERROR] - Erreur de connexion à la base de données: connection to server at "localhost" (::1), port 5432 failed: Connection refused (0x0000274D/10061)
	Is the server running on that host and accepting TCP/IP connections?
connection to server at "localhost" (127.0.0.1), port 5432 failed: Connection refused (0x0000274D/10061)
	Is the server running on that host and accepting TCP/IP connections?

2025-02-21 12:39:26 [ERROR] - Erreur lors de la connexion à la base de données: connection to server at "localhost" (::1), port 5432 failed: Connection refused (0x0000274D/10061)
	Is the server running on that host and accepting TCP/IP connections?
connection to server at "localhost" (127.0.0.1), port 5432 failed: Connection refused (0x0000274D/10061)
	Is the server running on that host and accepting TCP/IP connections?

2025-02-21 12:39:26 [INFO] - Démarrage de l'application GeoGestion
2025-02-21 12:39:27 [INFO] - Affichage de la page de connexion
2025-02-21 12:39:27 [INFO] - Tentative de récupération de la liste des opérateurs
2025-02-21 12:39:27 [INFO] - Tentative de récupération de tous les opérateurs
2025-02-21 12:39:31 [ERROR] - Erreur de connexion à la base de données: connection to server at "localhost" (::1), port 5432 failed: Connection refused (0x0000274D/10061)
	Is the server running on that host and accepting TCP/IP connections?
connection to server at "localhost" (127.0.0.1), port 5432 failed: Connection refused (0x0000274D/10061)
	Is the server running on that host and accepting TCP/IP connections?

2025-02-21 12:39:31 [ERROR] - Erreur lors de l'exécution de la requête: connection to server at "localhost" (::1), port 5432 failed: Connection refused (0x0000274D/10061)
	Is the server running on that host and accepting TCP/IP connections?
connection to server at "localhost" (127.0.0.1), port 5432 failed: Connection refused (0x0000274D/10061)
	Is the server running on that host and accepting TCP/IP connections?

2025-02-21 12:39:31 [ERROR] - Erreur lors de la récupération des opérateurs: connection to server at "localhost" (::1), port 5432 failed: Connection refused (0x0000274D/10061)
	Is the server running on that host and accepting TCP/IP connections?
connection to server at "localhost" (127.0.0.1), port 5432 failed: Connection refused (0x0000274D/10061)
	Is the server running on that host and accepting TCP/IP connections?

2025-02-21 12:39:31 [INFO] - Récupération réussie de 0 opérateurs
2025-02-21 12:40:09 [ERROR] - Erreur de connexion à la base de données: 'utf-8' codec can't decode byte 0xf4 in position 81: invalid continuation byte
2025-02-21 12:40:09 [ERROR] - Erreur lors de la connexion à la base de données: 'utf-8' codec can't decode byte 0xf4 in position 81: invalid continuation byte
2025-02-21 12:40:09 [INFO] - Démarrage de l'application GeoGestion
2025-02-21 12:40:09 [ERROR] - Erreur de connexion à la base de données: 'utf-8' codec can't decode byte 0xf4 in position 81: invalid continuation byte
2025-02-21 12:40:09 [ERROR] - Erreur lors de la connexion à la base de données: 'utf-8' codec can't decode byte 0xf4 in position 81: invalid continuation byte
2025-02-21 12:40:09 [INFO] - Démarrage de l'application GeoGestion
2025-02-21 12:40:21 [INFO] - Affichage de la page de connexion
2025-02-21 12:40:21 [INFO] - Tentative de récupération de la liste des opérateurs
2025-02-21 12:40:21 [INFO] - Tentative de récupération de tous les opérateurs
2025-02-21 12:40:25 [ERROR] - Erreur de connexion à la base de données: connection to server at "localhost" (::1), port 5432 failed: Connection refused (0x0000274D/10061)
	Is the server running on that host and accepting TCP/IP connections?
connection to server at "localhost" (127.0.0.1), port 5432 failed: Connection refused (0x0000274D/10061)
	Is the server running on that host and accepting TCP/IP connections?

2025-02-21 12:40:25 [ERROR] - Erreur lors de l'exécution de la requête: connection to server at "localhost" (::1), port 5432 failed: Connection refused (0x0000274D/10061)
	Is the server running on that host and accepting TCP/IP connections?
connection to server at "localhost" (127.0.0.1), port 5432 failed: Connection refused (0x0000274D/10061)
	Is the server running on that host and accepting TCP/IP connections?

2025-02-21 12:40:25 [ERROR] - Erreur lors de la récupération des opérateurs: connection to server at "localhost" (::1), port 5432 failed: Connection refused (0x0000274D/10061)
	Is the server running on that host and accepting TCP/IP connections?
connection to server at "localhost" (127.0.0.1), port 5432 failed: Connection refused (0x0000274D/10061)
	Is the server running on that host and accepting TCP/IP connections?

2025-02-21 12:40:25 [INFO] - Récupération réussie de 0 opérateurs
2025-02-21 12:41:40 [INFO] - Variable DB_NAME trouvée avec la valeur: postgres
2025-02-21 12:41:40 [INFO] - Variable DB_USER trouvée avec la valeur: postgres
2025-02-21 12:41:40 [INFO] - Variable DB_PASSWORD trouvée avec la valeur: *****
2025-02-21 12:41:40 [INFO] - Variable DB_HOST trouvée avec la valeur: db.dapfglvvhfkhgshwbzys.supabase.co
2025-02-21 12:41:40 [INFO] - Variable DB_PORT trouvée avec la valeur: 5432
2025-02-21 12:41:40 [INFO] - Paramètres de connexion configurés - Host: db.dapfglvvhfkhgshwbzys.supabase.co, Port: 5432, DB: postgres
2025-02-21 12:41:40 [INFO] - Tentative de connexion avec les paramètres suivants:
2025-02-21 12:41:40 [INFO] - {'dbname': 'postgres', 'user': 'postgres', 'password': '*****', 'host': 'db.dapfglvvhfkhgshwbzys.supabase.co', 'port': '5432', 'client_encoding': 'utf8', 'application_name': 'geogestion_app'}
2025-02-21 12:41:40 [ERROR] - Erreur de connexion à la base de données: 'utf-8' codec can't decode byte 0xf4 in position 81: invalid continuation byte
2025-02-21 12:41:40 [ERROR] - Erreur lors de la connexion à la base de données: 'utf-8' codec can't decode byte 0xf4 in position 81: invalid continuation byte
2025-02-21 12:41:40 [INFO] - Démarrage de l'application GeoGestion
2025-02-21 12:41:52 [INFO] - Variable DB_NAME trouvée avec la valeur: postgres
2025-02-21 12:41:52 [INFO] - Variable DB_USER trouvée avec la valeur: postgres
2025-02-21 12:41:52 [INFO] - Variable DB_PASSWORD trouvée avec la valeur: *****
2025-02-21 12:41:52 [INFO] - Variable DB_HOST trouvée avec la valeur: db.dapfglvvhfkhgshwbzys.supabase.co
2025-02-21 12:41:52 [INFO] - Variable DB_PORT trouvée avec la valeur: 5432
2025-02-21 12:41:52 [INFO] - Paramètres de connexion configurés - Host: db.dapfglvvhfkhgshwbzys.supabase.co, Port: 5432, DB: postgres
2025-02-21 12:41:52 [INFO] - Tentative de connexion avec les paramètres suivants:
2025-02-21 12:41:52 [INFO] - {'dbname': 'postgres', 'user': 'postgres', 'password': '*****', 'host': 'db.dapfglvvhfkhgshwbzys.supabase.co', 'port': '5432', 'client_encoding': 'utf8', 'application_name': 'geogestion_app'}
2025-02-21 12:41:52 [ERROR] - Erreur de connexion à la base de données: 'utf-8' codec can't decode byte 0xf4 in position 81: invalid continuation byte
2025-02-21 12:41:52 [ERROR] - Erreur lors de la connexion à la base de données: 'utf-8' codec can't decode byte 0xf4 in position 81: invalid continuation byte
2025-02-21 12:41:52 [INFO] - Démarrage de l'application GeoGestion
2025-02-21 12:41:53 [INFO] - Variable DB_NAME trouvée avec la valeur: postgres
2025-02-21 12:41:53 [INFO] - Variable DB_USER trouvée avec la valeur: postgres
2025-02-21 12:41:53 [INFO] - Variable DB_PASSWORD trouvée avec la valeur: *****
2025-02-21 12:41:53 [INFO] - Variable DB_HOST trouvée avec la valeur: db.dapfglvvhfkhgshwbzys.supabase.co
2025-02-21 12:41:53 [INFO] - Variable DB_PORT trouvée avec la valeur: 5432
2025-02-21 12:41:53 [INFO] - Paramètres de connexion configurés - Host: db.dapfglvvhfkhgshwbzys.supabase.co, Port: 5432, DB: postgres
2025-02-21 12:41:53 [INFO] - Tentative de connexion avec les paramètres suivants:
2025-02-21 12:41:53 [INFO] - {'dbname': 'postgres', 'user': 'postgres', 'password': '*****', 'host': 'db.dapfglvvhfkhgshwbzys.supabase.co', 'port': '5432', 'client_encoding': 'utf8', 'application_name': 'geogestion_app'}
2025-02-21 12:41:53 [ERROR] - Erreur de connexion à la base de données: 'utf-8' codec can't decode byte 0xf4 in position 81: invalid continuation byte
2025-02-21 12:41:53 [ERROR] - Erreur lors de la connexion à la base de données: 'utf-8' codec can't decode byte 0xf4 in position 81: invalid continuation byte
2025-02-21 12:41:53 [INFO] - Démarrage de l'application GeoGestion
2025-02-21 12:42:08 [INFO] - Affichage de la page de connexion
2025-02-21 12:42:08 [INFO] - Tentative de récupération de la liste des opérateurs
2025-02-21 12:42:08 [INFO] - Tentative de récupération de tous les opérateurs
2025-02-21 12:42:08 [INFO] - Tentative de connexion avec les paramètres suivants:
2025-02-21 12:42:08 [INFO] - {'dbname': 'postgres', 'user': 'postgres', 'password': '*****', 'host': 'db.dapfglvvhfkhgshwbzys.supabase.co', 'port': '5432', 'client_encoding': 'utf8', 'application_name': 'geogestion_app'}
2025-02-21 12:42:08 [ERROR] - Erreur de connexion à la base de données: 'utf-8' codec can't decode byte 0xf4 in position 81: invalid continuation byte
2025-02-21 12:42:08 [ERROR] - Erreur lors de l'exécution de la requête: 'utf-8' codec can't decode byte 0xf4 in position 81: invalid continuation byte
2025-02-21 12:42:08 [ERROR] - Erreur lors de la récupération des opérateurs: 'utf-8' codec can't decode byte 0xf4 in position 81: invalid continuation byte
2025-02-21 12:42:08 [INFO] - Récupération réussie de 0 opérateurs
2025-02-21 12:42:30 [INFO] - Variable DB_NAME trouvée avec la valeur: postgres
2025-02-21 12:42:30 [INFO] - Variable DB_USER trouvée avec la valeur: postgres
2025-02-21 12:42:30 [INFO] - Variable DB_PASSWORD trouvée avec la valeur: *****
2025-02-21 12:42:30 [INFO] - Variable DB_HOST trouvée avec la valeur: db.dapfglvvhfkhgshwbzys.supabase.co
2025-02-21 12:42:30 [INFO] - Variable DB_PORT trouvée avec la valeur: 5432
2025-02-21 12:42:30 [INFO] - Paramètres de connexion configurés - Host: db.dapfglvvhfkhgshwbzys.supabase.co, Port: 5432, DB: postgres
2025-02-21 12:42:30 [INFO] - Tentative de connexion avec les paramètres suivants:
2025-02-21 12:42:30 [INFO] - {'dbname': 'postgres', 'user': 'postgres', 'password': '*****', 'host': 'db.dapfglvvhfkhgshwbzys.supabase.co', 'port': '5432', 'client_encoding': 'utf8', 'application_name': 'geogestion_app'}
2025-02-21 12:42:30 [ERROR] - Erreur de connexion à la base de données: 'utf-8' codec can't decode byte 0xf4 in position 81: invalid continuation byte
2025-02-21 12:42:30 [ERROR] - Erreur lors de la connexion à la base de données: 'utf-8' codec can't decode byte 0xf4 in position 81: invalid continuation byte
2025-02-21 12:42:30 [INFO] - Démarrage de l'application GeoGestion
2025-02-21 12:42:31 [INFO] - Variable DB_NAME trouvée avec la valeur: postgres
2025-02-21 12:42:31 [INFO] - Variable DB_USER trouvée avec la valeur: postgres
2025-02-21 12:42:31 [INFO] - Variable DB_PASSWORD trouvée avec la valeur: *****
2025-02-21 12:42:31 [INFO] - Variable DB_HOST trouvée avec la valeur: db.dapfglvvhfkhgshwbzys.supabase.co
2025-02-21 12:42:31 [INFO] - Variable DB_PORT trouvée avec la valeur: 5432
2025-02-21 12:42:31 [INFO] - Paramètres de connexion configurés - Host: db.dapfglvvhfkhgshwbzys.supabase.co, Port: 5432, DB: postgres
2025-02-21 12:42:31 [INFO] - Tentative de connexion avec les paramètres suivants:
2025-02-21 12:42:31 [INFO] - {'dbname': 'postgres', 'user': 'postgres', 'password': '*****', 'host': 'db.dapfglvvhfkhgshwbzys.supabase.co', 'port': '5432', 'client_encoding': 'utf8', 'application_name': 'geogestion_app'}
2025-02-21 12:42:31 [ERROR] - Erreur de connexion à la base de données: 'utf-8' codec can't decode byte 0xf4 in position 81: invalid continuation byte
2025-02-21 12:42:31 [ERROR] - Erreur lors de la connexion à la base de données: 'utf-8' codec can't decode byte 0xf4 in position 81: invalid continuation byte
2025-02-21 12:42:31 [INFO] - Démarrage de l'application GeoGestion
2025-02-21 12:43:33 [INFO] - Variable DB_NAME trouvée avec la valeur: postgres
2025-02-21 12:43:33 [INFO] - Variable DB_USER trouvée avec la valeur: postgres
2025-02-21 12:43:33 [INFO] - Variable DB_PASSWORD trouvée avec la valeur: *****
2025-02-21 12:43:33 [INFO] - Variable DB_HOST trouvée avec la valeur: db.dapfglvvhfkhgshwbzys.supabase.co
2025-02-21 12:43:33 [INFO] - Variable DB_PORT trouvée avec la valeur: 5432
2025-02-21 12:43:33 [INFO] - Paramètres de connexion configurés - Host: db.dapfglvvhfkhgshwbzys.supabase.co, Port: 5432, DB: postgres
2025-02-21 12:43:33 [INFO] - Tentative de connexion avec les paramètres suivants:
2025-02-21 12:43:33 [INFO] - {'dbname': 'postgres', 'user': 'postgres', 'password': '*****', 'host': 'db.dapfglvvhfkhgshwbzys.supabase.co', 'port': '5432', 'options': '-c client_encoding=utf8', 'application_name': 'geogestion_app'}
2025-02-21 12:43:33 [ERROR] - Erreur de connexion à la base de données: 'utf-8' codec can't decode byte 0xf4 in position 81: invalid continuation byte
2025-02-21 12:43:33 [ERROR] - Erreur lors de la connexion à la base de données: 'utf-8' codec can't decode byte 0xf4 in position 81: invalid continuation byte
2025-02-21 12:43:33 [INFO] - Démarrage de l'application GeoGestion
2025-02-21 12:44:13 [INFO] - Variable DB_NAME trouvée avec la valeur: postgres
2025-02-21 12:44:13 [INFO] - Variable DB_USER trouvée avec la valeur: postgres
2025-02-21 12:44:13 [INFO] - Variable DB_PASSWORD trouvée avec la valeur: *****
2025-02-21 12:44:13 [INFO] - Variable DB_HOST trouvée avec la valeur: db.dapfglvvhfkhgshwbzys.supabase.co
2025-02-21 12:44:13 [INFO] - Variable DB_PORT trouvée avec la valeur: 5432
2025-02-21 12:44:13 [INFO] - Paramètres de connexion configurés - Host: db.dapfglvvhfkhgshwbzys.supabase.co, Port: 5432, DB: postgres
2025-02-21 12:44:13 [INFO] - Tentative de connexion avec les paramètres suivants:
2025-02-21 12:44:13 [INFO] - {'dbname': 'postgres', 'user': 'postgres', 'password': '*****', 'host': 'db.dapfglvvhfkhgshwbzys.supabase.co', 'port': '5432', 'options': '-c client_encoding=utf8', 'application_name': 'geogestion_app'}
2025-02-21 12:44:13 [ERROR] - Erreur de connexion à la base de données: 'utf-8' codec can't decode byte 0xf4 in position 81: invalid continuation byte
2025-02-21 12:44:13 [ERROR] - Erreur lors de la connexion à la base de données: 'utf-8' codec can't decode byte 0xf4 in position 81: invalid continuation byte
2025-02-21 12:44:13 [INFO] - Démarrage de l'application GeoGestion
2025-02-21 12:44:14 [INFO] - Variable DB_NAME trouvée avec la valeur: postgres
2025-02-21 12:44:14 [INFO] - Variable DB_USER trouvée avec la valeur: postgres
2025-02-21 12:44:14 [INFO] - Variable DB_PASSWORD trouvée avec la valeur: *****
2025-02-21 12:44:14 [INFO] - Variable DB_HOST trouvée avec la valeur: db.dapfglvvhfkhgshwbzys.supabase.co
2025-02-21 12:44:14 [INFO] - Variable DB_PORT trouvée avec la valeur: 5432
2025-02-21 12:44:14 [INFO] - Paramètres de connexion configurés - Host: db.dapfglvvhfkhgshwbzys.supabase.co, Port: 5432, DB: postgres
2025-02-21 12:44:14 [INFO] - Tentative de connexion avec les paramètres suivants:
2025-02-21 12:44:14 [INFO] - {'dbname': 'postgres', 'user': 'postgres', 'password': '*****', 'host': 'db.dapfglvvhfkhgshwbzys.supabase.co', 'port': '5432', 'options': '-c client_encoding=utf8', 'application_name': 'geogestion_app'}
2025-02-21 12:44:14 [ERROR] - Erreur de connexion à la base de données: 'utf-8' codec can't decode byte 0xf4 in position 81: invalid continuation byte
2025-02-21 12:44:14 [ERROR] - Erreur lors de la connexion à la base de données: 'utf-8' codec can't decode byte 0xf4 in position 81: invalid continuation byte
2025-02-21 12:44:14 [INFO] - Démarrage de l'application GeoGestion
2025-02-21 13:12:31 [INFO] - Variable DB_NAME trouvée avec la valeur: postgres
2025-02-21 13:12:31 [INFO] - Variable DB_USER trouvée avec la valeur: postgres
2025-02-21 13:12:31 [INFO] - Variable DB_PASSWORD trouvée avec la valeur: *****
2025-02-21 13:12:31 [INFO] - Variable DB_HOST trouvée avec la valeur: db.ytilstlgncnsiltphweo.supabase.co
2025-02-21 13:12:31 [INFO] - Variable DB_PORT trouvée avec la valeur: 5432
2025-02-21 13:12:31 [INFO] - Paramètres de connexion configurés - Host: db.ytilstlgncnsiltphweo.supabase.co, Port: 5432, DB: postgres
2025-02-21 13:12:31 [INFO] - Tentative de connexion avec les paramètres suivants:
2025-02-21 13:12:31 [INFO] - {'dbname': 'postgres', 'user': 'postgres', 'password': '*****', 'host': 'db.ytilstlgncnsiltphweo.supabase.co', 'port': '5432', 'options': '-c client_encoding=utf8', 'application_name': 'geogestion_app'}
2025-02-21 13:12:32 [ERROR] - Erreur de connexion à la base de données: 'utf-8' codec can't decode byte 0xf4 in position 81: invalid continuation byte
2025-02-21 13:12:32 [ERROR] - Erreur lors de la connexion à la base de données: 'utf-8' codec can't decode byte 0xf4 in position 81: invalid continuation byte
2025-02-21 13:12:32 [INFO] - Démarrage de l'application GeoGestion
2025-02-21 13:12:32 [INFO] - Variable DB_NAME trouvée avec la valeur: postgres
2025-02-21 13:12:32 [INFO] - Variable DB_USER trouvée avec la valeur: postgres
2025-02-21 13:12:32 [INFO] - Variable DB_PASSWORD trouvée avec la valeur: *****
2025-02-21 13:12:32 [INFO] - Variable DB_HOST trouvée avec la valeur: db.ytilstlgncnsiltphweo.supabase.co
2025-02-21 13:12:32 [INFO] - Variable DB_PORT trouvée avec la valeur: 5432
2025-02-21 13:12:32 [INFO] - Paramètres de connexion configurés - Host: db.ytilstlgncnsiltphweo.supabase.co, Port: 5432, DB: postgres
2025-02-21 13:12:32 [INFO] - Tentative de connexion avec les paramètres suivants:
2025-02-21 13:12:32 [INFO] - {'dbname': 'postgres', 'user': 'postgres', 'password': '*****', 'host': 'db.ytilstlgncnsiltphweo.supabase.co', 'port': '5432', 'options': '-c client_encoding=utf8', 'application_name': 'geogestion_app'}
2025-02-21 13:12:32 [ERROR] - Erreur de connexion à la base de données: 'utf-8' codec can't decode byte 0xf4 in position 81: invalid continuation byte
2025-02-21 13:12:32 [ERROR] - Erreur lors de la connexion à la base de données: 'utf-8' codec can't decode byte 0xf4 in position 81: invalid continuation byte
2025-02-21 13:12:32 [INFO] - Démarrage de l'application GeoGestion
2025-02-21 13:12:38 [INFO] - Affichage de la page de connexion
2025-02-21 13:12:38 [INFO] - Tentative de récupération de la liste des opérateurs
2025-02-21 13:12:38 [INFO] - Tentative de connexion avec les paramètres suivants:
2025-02-21 13:12:38 [INFO] - {'dbname': 'postgres', 'user': 'postgres', 'password': '*****', 'host': 'db.ytilstlgncnsiltphweo.supabase.co', 'port': '5432', 'options': '-c client_encoding=utf8', 'application_name': 'geogestion_app'}
2025-02-21 13:12:38 [ERROR] - Erreur de connexion à la base de données: 'utf-8' codec can't decode byte 0xf4 in position 81: invalid continuation byte
2025-02-21 13:12:38 [ERROR] - Erreur lors de l'exécution de la requête: 'utf-8' codec can't decode byte 0xf4 in position 81: invalid continuation byte
2025-02-21 13:12:38 [ERROR] - Erreur lors de la récupération des opérateurs: 'utf-8' codec can't decode byte 0xf4 in position 81: invalid continuation byte
2025-02-21 13:12:38 [INFO] - Récupération réussie de 0 opérateurs
2025-02-21 13:24:59 [INFO] - Base de données SQLite initialisée avec succès
2025-02-21 13:26:30 [INFO] - Base de données SQLite initialisée avec succès
2025-02-21 13:27:35 [ERROR] - Erreur lors de l'insertion des données : table operators has no column named password
2025-02-21 13:28:52 [INFO] - Base de données SQLite initialisée avec succès
2025-02-21 13:29:00 [INFO] - Données initiales insérées avec succès (8 opérateurs)
2025-02-21 13:29:00 [INFO] - Nombre total d'opérateurs dans la base : 8
2025-02-21 13:31:30 [INFO] - Base de données SQLite initialisée avec succès
2025-02-21 13:31:36 [INFO] - Données initiales insérées avec succès (8 opérateurs)
2025-02-21 13:31:36 [INFO] - Nombre total d'opérateurs dans la base : 8
